<?xml version="1.0" encoding="UTF-8"?>
<!-- Generated by org.testng.reporters.JUnitReportReporter -->
<testsuite hostname="LIN-644C0J3" failures="0" tests="5" name="Parameters.DataProvider1" time="26.647" errors="0" timestamp="2024-03-12T11:30:41 IST" skipped="0">
  <testcase classname="Parameters.DataProvider1" name="data" time="4.501"/>
  <testcase classname="Parameters.DataProvider1" name="data" time="6.368"/>
  <testcase classname="Parameters.DataProvider1" name="data" time="4.869"/>
  <testcase classname="Parameters.DataProvider1" name="data" time="6.088"/>
  <testcase classname="Parameters.DataProvider1" name="data" time="4.821"/>
</testsuite> <!-- Parameters.DataProvider1 -->
