<?xml version="1.0" encoding="UTF-8"?>
<!-- Generated by org.testng.reporters.JUnitReportReporter -->
<testsuite hostname="LIN-644C0J3" failures="0" tests="5" name="Parameters.hotelapplogin" time="40.127" errors="0" timestamp="2024-03-13T09:57:33 IST" skipped="0">
  <testcase classname="Parameters.hotelapplogin" name="app" time="5.455"/>
  <testcase classname="Parameters.hotelapplogin" name="app" time="16.355"/>
  <testcase classname="Parameters.hotelapplogin" name="app" time="5.343"/>
  <testcase classname="Parameters.hotelapplogin" name="app" time="7.219"/>
  <testcase classname="Parameters.hotelapplogin" name="app" time="5.755"/>
</testsuite> <!-- Parameters.hotelapplogin -->
