<?xml version="1.0" encoding="UTF-8"?>
<!-- Generated by org.testng.reporters.JUnitReportReporter -->
<testsuite hostname="LIN-644C0J3" failures="0" tests="1" name="Parameters.Parameterization_With_Xml" time="7.995" errors="0" timestamp="2024-03-12T10:04:29 IST" skipped="0">
  <testcase classname="Parameters.Parameterization_With_Xml" name="driverdriven" time="7.995"/>
</testsuite> <!-- Parameters.Parameterization_With_Xml -->
