<?xml version="1.0" encoding="UTF-8"?>
<!-- Generated by org.testng.reporters.JUnitReportReporter -->
<testsuite hostname="LIN-644C0J3" failures="0" tests="1" name="Parameters.before_after" time="5.751" errors="0" timestamp="2024-03-13T15:46:29 IST" skipped="0">
  <testcase classname="Parameters.before_after" name="login" time="5.751"/>
</testsuite> <!-- Parameters.before_after -->
