<?xml version="1.0" encoding="UTF-8"?>
<!-- Generated by org.testng.reporters.JUnitReportReporter -->
<testsuite hostname="LIN-644C0J3" failures="0" tests="4" name="Parameters.priorities" time="0.644" errors="0" timestamp="2024-03-13T10:49:53 IST" skipped="0">
  <testcase classname="Parameters.priorities" name="data" time="0.640"/>
  <testcase classname="Parameters.priorities" name="adata" time="0.001"/>
  <testcase classname="Parameters.priorities" name="kdata" time="0.002"/>
  <testcase classname="Parameters.priorities" name="zdata" time="0.001"/>
</testsuite> <!-- Parameters.priorities -->
